c:\users\wmarco\documents\repos\c_aux_lib\c_aux\x64\debug\c_aux.pch
c:\users\wmarco\documents\repos\c_aux_lib\c_aux\x64\debug\vc141.pdb
c:\users\wmarco\documents\repos\c_aux_lib\c_aux\x64\debug\vc141.idb
c:\users\wmarco\documents\repos\c_aux_lib\c_aux\x64\debug\stdafx.obj
c:\users\wmarco\documents\repos\c_aux_lib\c_aux\x64\debug\c_aux.obj
c:\users\wmarco\documents\repos\c_aux_lib\c_aux\x64\debug\c_aux_dlinked_list.obj
c:\users\wmarco\documents\repos\c_aux_lib\x64\debug\c_aux.ilk
c:\users\wmarco\documents\repos\c_aux_lib\x64\debug\c_aux.exe
c:\users\wmarco\documents\repos\c_aux_lib\x64\debug\c_aux.pdb
c:\users\wmarco\documents\repos\c_aux_lib\c_aux\x64\debug\c_aux.tlog\cl.command.1.tlog
c:\users\wmarco\documents\repos\c_aux_lib\c_aux\x64\debug\c_aux.tlog\cl.read.1.tlog
c:\users\wmarco\documents\repos\c_aux_lib\c_aux\x64\debug\c_aux.tlog\cl.write.1.tlog
c:\users\wmarco\documents\repos\c_aux_lib\c_aux\x64\debug\c_aux.tlog\link-cvtres.read.1.tlog
c:\users\wmarco\documents\repos\c_aux_lib\c_aux\x64\debug\c_aux.tlog\link-cvtres.write.1.tlog
c:\users\wmarco\documents\repos\c_aux_lib\c_aux\x64\debug\c_aux.tlog\link-rc.read.1.tlog
c:\users\wmarco\documents\repos\c_aux_lib\c_aux\x64\debug\c_aux.tlog\link-rc.write.1.tlog
c:\users\wmarco\documents\repos\c_aux_lib\c_aux\x64\debug\c_aux.tlog\link.15692-cvtres.read.1.tlog
c:\users\wmarco\documents\repos\c_aux_lib\c_aux\x64\debug\c_aux.tlog\link.15692-cvtres.write.1.tlog
c:\users\wmarco\documents\repos\c_aux_lib\c_aux\x64\debug\c_aux.tlog\link.15692-rc.read.1.tlog
c:\users\wmarco\documents\repos\c_aux_lib\c_aux\x64\debug\c_aux.tlog\link.15692-rc.write.1.tlog
c:\users\wmarco\documents\repos\c_aux_lib\c_aux\x64\debug\c_aux.tlog\link.15692.read.1.tlog
c:\users\wmarco\documents\repos\c_aux_lib\c_aux\x64\debug\c_aux.tlog\link.15692.write.1.tlog
c:\users\wmarco\documents\repos\c_aux_lib\c_aux\x64\debug\c_aux.tlog\link.command.1.tlog
c:\users\wmarco\documents\repos\c_aux_lib\c_aux\x64\debug\c_aux.tlog\link.read.1.tlog
c:\users\wmarco\documents\repos\c_aux_lib\c_aux\x64\debug\c_aux.tlog\link.write.1.tlog
